<?xml version="1.0" encoding="utf-8" standalone="no"?>
<!--This file represents the results of running a test suite-->
<test-results name="C:\Users\HP HomE\Documents\Visual Studio 2012\Projects\MyORMx\UnitTests\bin\Debug\UnitTests.dll" total="35" errors="0" failures="0" not-run="0" inconclusive="0" ignored="0" skipped="0" invalid="0" date="2014-04-10" time="11:54:56">
  <environment nunit-version="2.6.3.13283" clr-version="2.0.50727.8000" os-version="Microsoft Windows NT 6.2.9200.0" platform="Win32NT" cwd="C:\Program Files (x86)\NUnit 2.6.3\bin" machine-name="HP" user="HP HomE" user-domain="HP" />
  <culture-info current-culture="ru-RU" current-uiculture="ru-RU" />
  <test-suite type="Assembly" name="C:\Users\HP HomE\Documents\Visual Studio 2012\Projects\MyORMx\UnitTests\bin\Debug\UnitTests.dll" executed="True" result="Success" success="True" time="4.165" asserts="0">
    <results>
      <test-suite type="Namespace" name="UnitTests" executed="True" result="Success" success="True" time="4.143" asserts="0">
        <results>
          <test-suite type="TestFixture" name="AccessBinaryTEST" executed="True" result="Success" success="True" time="0.128" asserts="0">
            <results>
              <test-case name="UnitTests.AccessBinaryTEST.AddPersonTEST" executed="True" result="Success" success="True" time="0.050" asserts="2" />
              <test-case name="UnitTests.AccessBinaryTEST.GetAllPersonTEST" executed="True" result="Success" success="True" time="0.009" asserts="5" />
              <test-case name="UnitTests.AccessBinaryTEST.GetPersonByIndex" executed="True" result="Success" success="True" time="0.005" asserts="1" />
              <test-case name="UnitTests.AccessBinaryTEST.InsertPersonTEST" executed="True" result="Success" success="True" time="0.005" asserts="2" />
              <test-case name="UnitTests.AccessBinaryTEST.RemovePersonTEST" executed="True" result="Success" success="True" time="0.009" asserts="1" />
            </results>
          </test-suite>
          <test-suite type="TestFixture" name="AccessorDBTEST" executed="True" result="Success" success="True" time="2.452" asserts="0">
            <results>
              <test-case name="UnitTests.AccessorDBTEST.AddPersonTEST" executed="True" result="Success" success="True" time="1.227" asserts="1" />
              <test-case name="UnitTests.AccessorDBTEST.GetAllPersonTEST" executed="True" result="Success" success="True" time="0.427" asserts="1" />
              <test-case name="UnitTests.AccessorDBTEST.InsertPersonTEST" executed="True" result="Success" success="True" time="0.337" asserts="1" />
              <test-case name="UnitTests.AccessorDBTEST.RemovePersonTEST" executed="True" result="Success" success="True" time="0.441" asserts="1" />
            </results>
          </test-suite>
          <test-suite type="TestFixture" name="AccessorMemoryTEST+UnitTest1" executed="True" result="Success" success="True" time="0.060" asserts="0">
            <results>
              <test-case name="UnitTests.AccessorMemoryTEST+UnitTest1.AddPersonTEST" executed="True" result="Success" success="True" time="0.002" asserts="1" />
              <test-case name="UnitTests.AccessorMemoryTEST+UnitTest1.ClearTEST" executed="True" result="Success" success="True" time="0.006" asserts="1" />
              <test-case name="UnitTests.AccessorMemoryTEST+UnitTest1.CountTEST" executed="True" result="Success" success="True" time="0.001" asserts="1" />
              <test-case name="UnitTests.AccessorMemoryTEST+UnitTest1.GetAllPersonTEST" executed="True" result="Success" success="True" time="0.013" asserts="1" />
              <test-case name="UnitTests.AccessorMemoryTEST+UnitTest1.InsertPerson" executed="True" result="Success" success="True" time="0.002" asserts="2" />
              <test-case name="UnitTests.AccessorMemoryTEST+UnitTest1.RemovePersonTEST" executed="True" result="Success" success="True" time="0.002" asserts="1" />
              <test-case name="UnitTests.AccessorMemoryTEST+UnitTest1.StorageTEST" executed="True" result="Success" success="True" time="0.001" asserts="1" />
            </results>
          </test-suite>
          <test-suite type="TestFixture" name="AccessorXMLTEST" executed="True" result="Success" success="True" time="1.423" asserts="0">
            <results>
              <test-case name="UnitTests.AccessorXMLTEST.AddPersonTEST" executed="True" result="Success" success="True" time="0.915" asserts="1" />
              <test-case name="UnitTests.AccessorXMLTEST.ClearTEST" executed="True" result="Success" success="True" time="0.020" asserts="1" />
              <test-case name="UnitTests.AccessorXMLTEST.CountTEST" executed="True" result="Success" success="True" time="0.032" asserts="1" />
              <test-case name="UnitTests.AccessorXMLTEST.GetAllPersonTEST" executed="True" result="Success" success="True" time="0.179" asserts="5" />
              <test-case name="UnitTests.AccessorXMLTEST.GetPersonByIndexTEST" executed="True" result="Success" success="True" time="0.059" asserts="1" />
              <test-case name="UnitTests.AccessorXMLTEST.InsertPersonTEST" executed="True" result="Success" success="True" time="0.141" asserts="1" />
              <test-case name="UnitTests.AccessorXMLTEST.RemovePersonTEST" executed="True" result="Success" success="True" time="0.054" asserts="1" />
            </results>
          </test-suite>
          <test-suite type="TestFixture" name="ChiefClassTEST" executed="True" result="Success" success="True" time="0.015" asserts="0">
            <results>
              <test-case name="UnitTests.ChiefClassTEST.AddPersonTEST" executed="True" result="Success" success="True" time="0.002" asserts="1" />
              <test-case name="UnitTests.ChiefClassTEST.Clear" executed="True" result="Success" success="True" time="0.000" asserts="1" />
              <test-case name="UnitTests.ChiefClassTEST.InsertPERSONTEST" executed="True" result="Success" success="True" time="0.001" asserts="2" />
              <test-case name="UnitTests.ChiefClassTEST.RemovePersonTEST" executed="True" result="Success" success="True" time="0.001" asserts="1" />
            </results>
          </test-suite>
          <test-suite type="TestFixture" name="ClientTEST" executed="True" result="Success" success="True" time="0.022" asserts="0">
            <results>
              <test-case name="UnitTests.ClientTEST.ClearTEST" executed="True" result="Success" success="True" time="0.001" asserts="1" />
              <test-case name="UnitTests.ClientTEST.ClientConstructorTEST" executed="True" result="Success" success="True" time="0.000" asserts="0" />
              <test-case name="UnitTests.ClientTEST.CountTEST" executed="True" result="Success" success="True" time="0.001" asserts="1" />
              <test-case name="UnitTests.ClientTEST.GetAllPersonTEST" executed="True" result="Success" success="True" time="0.001" asserts="1" />
              <test-case name="UnitTests.ClientTEST.GetPersonByIndexTEST" executed="True" result="Success" success="True" time="0.001" asserts="1" />
              <test-case name="UnitTests.ClientTEST.InsertPerson" executed="True" result="Success" success="True" time="0.001" asserts="1" />
              <test-case name="UnitTests.ClientTEST.RemovePersonTEST" executed="True" result="Success" success="True" time="0.000" asserts="1" />
            </results>
          </test-suite>
          <test-suite type="TestFixture" name="PersonTEST" executed="True" result="Success" success="True" time="0.002" asserts="0">
            <results>
              <test-case name="UnitTests.PersonTEST.PersonConsstructorTEST" executed="True" result="Success" success="True" time="0.000" asserts="2" />
            </results>
          </test-suite>
        </results>
      </test-suite>
    </results>
  </test-suite>
</test-results>